<?xml version="1.0" encoding="UTF-8"?>
<!-- Generated by org.testng.reporters.JUnitXMLReporter -->
<testsuite ignored="0" hostname="DESKTOP-5S42HBC" failures="0" tests="3" name="Tests1" time="0.115" errors="0" timestamp="2021-08-19T12:22:37 IST">
  <testcase classname="com.Generic.BaseClass" name="@BeforeClass LaunchBrowser" time="-1.629355957356E9">
    <failure type="org.testng.TestNGException" message="
Parameter &amp;apos;BROWSWER&amp;apos; is required by BeforeClass on method LaunchBrowser but has not been marked @Optional or defined
in C:\Users\91962\eclipse-workspace\SDET_19\testng_crsbrowser.xml">
      <![CDATA[org.testng.TestNGException: 
Parameter 'BROWSWER' is required by BeforeClass on method LaunchBrowser but has not been marked @Optional or defined
in C:\Users\91962\eclipse-workspace\SDET_19\testng_crsbrowser.xml
at java.base/java.util.ArrayList.forEach(ArrayList.java:1511)
... Removed 22 stack frames]]>
    </failure>
  </testcase> <!-- @BeforeClass LaunchBrowser -->
  <testcase classname="com.Generic.BaseClass" name="@BeforeMethod logintoAppln" time="-1.629355957367E9">
    <skipped/>
  </testcase> <!-- @BeforeMethod logintoAppln -->
  <testcase classname="com.Generic.BaseClass" name="@AfterMethod LogoutAppln" time="-1.62935595738E9">
    <skipped/>
  </testcase> <!-- @AfterMethod LogoutAppln -->
  <testcase classname="com.Generic.BaseClass" name="@AfterClass CloseBrowser" time="-1.629355957383E9">
    <skipped/>
  </testcase> <!-- @AfterClass CloseBrowser -->
  <testcase classname="com.Generic.BaseClass" name="@BeforeClass LaunchBrowser" time="-1.629355957411E9">
    <failure type="org.testng.TestNGException" message="
Parameter &amp;apos;BROWSWER&amp;apos; is required by BeforeClass on method LaunchBrowser but has not been marked @Optional or defined
in C:\Users\91962\eclipse-workspace\SDET_19\testng_crsbrowser.xml">
      <![CDATA[org.testng.TestNGException: 
Parameter 'BROWSWER' is required by BeforeClass on method LaunchBrowser but has not been marked @Optional or defined
in C:\Users\91962\eclipse-workspace\SDET_19\testng_crsbrowser.xml
at java.base/java.util.ArrayList.forEach(ArrayList.java:1511)
... Removed 22 stack frames]]>
    </failure>
  </testcase> <!-- @BeforeClass LaunchBrowser -->
  <testcase classname="com.Generic.BaseClass" name="@BeforeMethod logintoAppln" time="-1.629355957416E9">
    <skipped/>
  </testcase> <!-- @BeforeMethod logintoAppln -->
  <testcase classname="com.Generic.BaseClass" name="@AfterMethod LogoutAppln" time="-1.629355957427E9">
    <skipped/>
  </testcase> <!-- @AfterMethod LogoutAppln -->
  <testcase classname="com.Generic.BaseClass" name="@AfterClass CloseBrowser" time="-1.629355957431E9">
    <skipped/>
  </testcase> <!-- @AfterClass CloseBrowser -->
  <testcase classname="com.Generic.BaseClass" name="@BeforeClass LaunchBrowser" time="-1.629355957434E9">
    <failure type="org.testng.TestNGException" message="
Parameter &amp;apos;BROWSWER&amp;apos; is required by BeforeClass on method LaunchBrowser but has not been marked @Optional or defined
in C:\Users\91962\eclipse-workspace\SDET_19\testng_crsbrowser.xml">
      <![CDATA[org.testng.TestNGException: 
Parameter 'BROWSWER' is required by BeforeClass on method LaunchBrowser but has not been marked @Optional or defined
in C:\Users\91962\eclipse-workspace\SDET_19\testng_crsbrowser.xml
at java.base/java.util.ArrayList.forEach(ArrayList.java:1511)
... Removed 22 stack frames]]>
    </failure>
  </testcase> <!-- @BeforeClass LaunchBrowser -->
  <testcase classname="com.Generic.BaseClass" name="@BeforeMethod logintoAppln" time="-1.629355957443E9">
    <skipped/>
  </testcase> <!-- @BeforeMethod logintoAppln -->
  <testcase classname="com.Generic.BaseClass" name="@AfterMethod LogoutAppln" time="-1.629355957453E9">
    <skipped/>
  </testcase> <!-- @AfterMethod LogoutAppln -->
  <testcase classname="com.Generic.BaseClass" name="@AfterClass CloseBrowser" time="-1.629355957457E9">
    <skipped/>
  </testcase> <!-- @AfterClass CloseBrowser -->
  <testcase classname="Test.vtiger.TC_11" name="TC_11Test" time="0.0">
    <skipped/>
  </testcase> <!-- TC_11Test -->
  <testcase classname="Test.vtiger.TC_10" name="CreatingNewOpportunityPageTest" time="0.0">
    <skipped/>
  </testcase> <!-- CreatingNewOpportunityPageTest -->
  <testcase classname="Test.vtiger.TC_13" name="TC_13Test" time="0.0">
    <skipped/>
  </testcase> <!-- TC_13Test -->
</testsuite> <!-- Tests1 -->
