<?xml version="1.0" encoding="UTF-8"?>
<!-- Generated by org.testng.reporters.JUnitXMLReporter -->
<testsuite ignored="0" hostname="DESKTOP-5S42HBC" failures="0" tests="3" name="Tests" time="0.186" errors="0" timestamp="2021-08-19T12:22:37 IST">
  <testcase classname="com.Generic.BaseClass" name="@BeforeClass LaunchBrowser" time="-1.62935595704E9">
    <failure type="org.testng.TestNGException" message="
Parameter &amp;apos;BROWSWER&amp;apos; is required by BeforeClass on method LaunchBrowser but has not been marked @Optional or defined
in C:\Users\91962\eclipse-workspace\SDET_19\testng_crsbrowser.xml">
      <![CDATA[org.testng.TestNGException: 
Parameter 'BROWSWER' is required by BeforeClass on method LaunchBrowser but has not been marked @Optional or defined
in C:\Users\91962\eclipse-workspace\SDET_19\testng_crsbrowser.xml
at java.base/java.util.ArrayList.forEach(ArrayList.java:1511)
... Removed 22 stack frames]]>
    </failure>
  </testcase> <!-- @BeforeClass LaunchBrowser -->
  <testcase classname="com.Generic.BaseClass" name="@BeforeMethod logintoAppln" time="-1.629355957087E9">
    <skipped/>
  </testcase> <!-- @BeforeMethod logintoAppln -->
  <testcase classname="com.Generic.BaseClass" name="@AfterMethod LogoutAppln" time="-1.629355957106E9">
    <skipped/>
  </testcase> <!-- @AfterMethod LogoutAppln -->
  <testcase classname="com.Generic.BaseClass" name="@AfterClass CloseBrowser" time="-1.629355957113E9">
    <skipped/>
  </testcase> <!-- @AfterClass CloseBrowser -->
  <testcase classname="com.Generic.BaseClass" name="@BeforeClass LaunchBrowser" time="-1.629355957121E9">
    <failure type="org.testng.TestNGException" message="
Parameter &amp;apos;BROWSWER&amp;apos; is required by BeforeClass on method LaunchBrowser but has not been marked @Optional or defined
in C:\Users\91962\eclipse-workspace\SDET_19\testng_crsbrowser.xml">
      <![CDATA[org.testng.TestNGException: 
Parameter 'BROWSWER' is required by BeforeClass on method LaunchBrowser but has not been marked @Optional or defined
in C:\Users\91962\eclipse-workspace\SDET_19\testng_crsbrowser.xml
at java.base/java.util.ArrayList.forEach(ArrayList.java:1511)
... Removed 22 stack frames]]>
    </failure>
  </testcase> <!-- @BeforeClass LaunchBrowser -->
  <testcase classname="com.Generic.BaseClass" name="@BeforeMethod logintoAppln" time="-1.629355957126E9">
    <skipped/>
  </testcase> <!-- @BeforeMethod logintoAppln -->
  <testcase classname="com.Generic.BaseClass" name="@AfterMethod LogoutAppln" time="-1.629355957142E9">
    <skipped/>
  </testcase> <!-- @AfterMethod LogoutAppln -->
  <testcase classname="com.Generic.BaseClass" name="@AfterClass CloseBrowser" time="-1.629355957148E9">
    <skipped/>
  </testcase> <!-- @AfterClass CloseBrowser -->
  <testcase classname="com.Generic.BaseClass" name="@BeforeClass LaunchBrowser" time="-1.629355957156E9">
    <failure type="org.testng.TestNGException" message="
Parameter &amp;apos;BROWSWER&amp;apos; is required by BeforeClass on method LaunchBrowser but has not been marked @Optional or defined
in C:\Users\91962\eclipse-workspace\SDET_19\testng_crsbrowser.xml">
      <![CDATA[org.testng.TestNGException: 
Parameter 'BROWSWER' is required by BeforeClass on method LaunchBrowser but has not been marked @Optional or defined
in C:\Users\91962\eclipse-workspace\SDET_19\testng_crsbrowser.xml
at java.base/java.util.ArrayList.forEach(ArrayList.java:1511)
... Removed 22 stack frames]]>
    </failure>
  </testcase> <!-- @BeforeClass LaunchBrowser -->
  <testcase classname="com.Generic.BaseClass" name="@BeforeMethod logintoAppln" time="-1.629355957161E9">
    <skipped/>
  </testcase> <!-- @BeforeMethod logintoAppln -->
  <testcase classname="com.Generic.BaseClass" name="@AfterMethod LogoutAppln" time="-1.629355957176E9">
    <skipped/>
  </testcase> <!-- @AfterMethod LogoutAppln -->
  <testcase classname="com.Generic.BaseClass" name="@AfterClass CloseBrowser" time="-1.629355957181E9">
    <skipped/>
  </testcase> <!-- @AfterClass CloseBrowser -->
  <testcase classname="Test.vtiger.TC_11" name="TC_11Test" time="0.0">
    <skipped/>
  </testcase> <!-- TC_11Test -->
  <testcase classname="Test.vtiger.TC_10" name="CreatingNewOpportunityPageTest" time="0.0">
    <skipped/>
  </testcase> <!-- CreatingNewOpportunityPageTest -->
  <testcase classname="Test.vtiger.TC_13" name="TC_13Test" time="0.0">
    <skipped/>
  </testcase> <!-- TC_13Test -->
</testsuite> <!-- Tests -->
