<?xml version="1.0" encoding="UTF-8"?>
<!-- Generated by org.testng.reporters.JUnitXMLReporter -->
<testsuite ignored="0" hostname="DESKTOP-5S42HBC" failures="0" tests="3" name="Tests runner -1" time="0.119" errors="0" timestamp="2021-08-19T12:34:41 IST">
  <testcase classname="com.Generic.BaseClass" name="@BeforeClass LaunchBrowser" time="-1.629356681234E9">
    <failure type="org.testng.TestNGException" message="
Parameter &amp;apos;BROWSWER&amp;apos; is required by BeforeClass on method LaunchBrowser but has not been marked @Optional or defined
in C:\Users\91962\eclipse-workspace\SDET_19\testng_crsbrowser.xml">
      <![CDATA[org.testng.TestNGException: 
Parameter 'BROWSWER' is required by BeforeClass on method LaunchBrowser but has not been marked @Optional or defined
in C:\Users\91962\eclipse-workspace\SDET_19\testng_crsbrowser.xml
at java.base/java.util.ArrayList.forEach(ArrayList.java:1511)
... Removed 22 stack frames]]>
    </failure>
  </testcase> <!-- @BeforeClass LaunchBrowser -->
  <testcase classname="com.Generic.BaseClass" name="@BeforeMethod logintoAppln" time="-1.629356681276E9">
    <skipped/>
  </testcase> <!-- @BeforeMethod logintoAppln -->
  <testcase classname="com.Generic.BaseClass" name="@AfterMethod LogoutAppln" time="-1.629356681285E9">
    <skipped/>
  </testcase> <!-- @AfterMethod LogoutAppln -->
  <testcase classname="com.Generic.BaseClass" name="@AfterClass CloseBrowser" time="-1.629356681288E9">
    <skipped/>
  </testcase> <!-- @AfterClass CloseBrowser -->
  <testcase classname="com.Generic.BaseClass" name="@BeforeClass LaunchBrowser" time="-1.629356681292E9">
    <failure type="org.testng.TestNGException" message="
Parameter &amp;apos;BROWSWER&amp;apos; is required by BeforeClass on method LaunchBrowser but has not been marked @Optional or defined
in C:\Users\91962\eclipse-workspace\SDET_19\testng_crsbrowser.xml">
      <![CDATA[org.testng.TestNGException: 
Parameter 'BROWSWER' is required by BeforeClass on method LaunchBrowser but has not been marked @Optional or defined
in C:\Users\91962\eclipse-workspace\SDET_19\testng_crsbrowser.xml
at java.base/java.util.ArrayList.forEach(ArrayList.java:1511)
... Removed 22 stack frames]]>
    </failure>
  </testcase> <!-- @BeforeClass LaunchBrowser -->
  <testcase classname="com.Generic.BaseClass" name="@BeforeMethod logintoAppln" time="-1.629356681295E9">
    <skipped/>
  </testcase> <!-- @BeforeMethod logintoAppln -->
  <testcase classname="com.Generic.BaseClass" name="@AfterMethod LogoutAppln" time="-1.629356681301E9">
    <skipped/>
  </testcase> <!-- @AfterMethod LogoutAppln -->
  <testcase classname="com.Generic.BaseClass" name="@AfterClass CloseBrowser" time="-1.629356681303E9">
    <skipped/>
  </testcase> <!-- @AfterClass CloseBrowser -->
  <testcase classname="com.Generic.BaseClass" name="@BeforeClass LaunchBrowser" time="-1.629356681305E9">
    <failure type="org.testng.TestNGException" message="
Parameter &amp;apos;BROWSWER&amp;apos; is required by BeforeClass on method LaunchBrowser but has not been marked @Optional or defined
in C:\Users\91962\eclipse-workspace\SDET_19\testng_crsbrowser.xml">
      <![CDATA[org.testng.TestNGException: 
Parameter 'BROWSWER' is required by BeforeClass on method LaunchBrowser but has not been marked @Optional or defined
in C:\Users\91962\eclipse-workspace\SDET_19\testng_crsbrowser.xml
at java.base/java.util.ArrayList.forEach(ArrayList.java:1511)
... Removed 22 stack frames]]>
    </failure>
  </testcase> <!-- @BeforeClass LaunchBrowser -->
  <testcase classname="com.Generic.BaseClass" name="@BeforeMethod logintoAppln" time="-1.629356681308E9">
    <skipped/>
  </testcase> <!-- @BeforeMethod logintoAppln -->
  <testcase classname="com.Generic.BaseClass" name="@AfterMethod LogoutAppln" time="-1.629356681314E9">
    <skipped/>
  </testcase> <!-- @AfterMethod LogoutAppln -->
  <testcase classname="com.Generic.BaseClass" name="@AfterClass CloseBrowser" time="-1.629356681316E9">
    <skipped/>
  </testcase> <!-- @AfterClass CloseBrowser -->
  <testcase classname="Test.vtiger.TC_11" name="TC_11Test" time="0.0">
    <skipped/>
  </testcase> <!-- TC_11Test -->
  <testcase classname="Test.vtiger.TC_10" name="CreatingNewOpportunityPageTest" time="0.0">
    <skipped/>
  </testcase> <!-- CreatingNewOpportunityPageTest -->
  <testcase classname="Test.vtiger.TC_13" name="TC_13Test" time="0.0">
    <skipped/>
  </testcase> <!-- TC_13Test -->
</testsuite> <!-- Tests runner -1 -->
