<?xml version="1.0" encoding="UTF-8"?>
<!-- Generated by org.testng.reporters.JUnitXMLReporter -->
<testsuite ignored="0" hostname="DESKTOP-5S42HBC" failures="0" tests="3" name="Tests runner -2" time="0.106" errors="0" timestamp="2021-08-19T12:34:41 IST">
  <testcase classname="com.Generic.BaseClass" name="@BeforeClass LaunchBrowser" time="-1.629356681473E9">
    <failure type="org.testng.TestNGException" message="
Parameter &amp;apos;BROWSWER&amp;apos; is required by BeforeClass on method LaunchBrowser but has not been marked @Optional or defined
in C:\Users\91962\eclipse-workspace\SDET_19\testng_crsbrowser.xml">
      <![CDATA[org.testng.TestNGException: 
Parameter 'BROWSWER' is required by BeforeClass on method LaunchBrowser but has not been marked @Optional or defined
in C:\Users\91962\eclipse-workspace\SDET_19\testng_crsbrowser.xml
at java.base/java.util.ArrayList.forEach(ArrayList.java:1511)
... Removed 22 stack frames]]>
    </failure>
  </testcase> <!-- @BeforeClass LaunchBrowser -->
  <testcase classname="com.Generic.BaseClass" name="@BeforeMethod logintoAppln" time="-1.629356681481E9">
    <skipped/>
  </testcase> <!-- @BeforeMethod logintoAppln -->
  <testcase classname="com.Generic.BaseClass" name="@AfterMethod LogoutAppln" time="-1.629356681488E9">
    <skipped/>
  </testcase> <!-- @AfterMethod LogoutAppln -->
  <testcase classname="com.Generic.BaseClass" name="@AfterClass CloseBrowser" time="-1.629356681492E9">
    <skipped/>
  </testcase> <!-- @AfterClass CloseBrowser -->
  <testcase classname="com.Generic.BaseClass" name="@BeforeClass LaunchBrowser" time="-1.629356681495E9">
    <failure type="org.testng.TestNGException" message="
Parameter &amp;apos;BROWSWER&amp;apos; is required by BeforeClass on method LaunchBrowser but has not been marked @Optional or defined
in C:\Users\91962\eclipse-workspace\SDET_19\testng_crsbrowser.xml">
      <![CDATA[org.testng.TestNGException: 
Parameter 'BROWSWER' is required by BeforeClass on method LaunchBrowser but has not been marked @Optional or defined
in C:\Users\91962\eclipse-workspace\SDET_19\testng_crsbrowser.xml
at java.base/java.util.ArrayList.forEach(ArrayList.java:1511)
... Removed 22 stack frames]]>
    </failure>
  </testcase> <!-- @BeforeClass LaunchBrowser -->
  <testcase classname="com.Generic.BaseClass" name="@BeforeMethod logintoAppln" time="-1.6293566815E9">
    <skipped/>
  </testcase> <!-- @BeforeMethod logintoAppln -->
  <testcase classname="com.Generic.BaseClass" name="@AfterMethod LogoutAppln" time="-1.629356681508E9">
    <skipped/>
  </testcase> <!-- @AfterMethod LogoutAppln -->
  <testcase classname="com.Generic.BaseClass" name="@AfterClass CloseBrowser" time="-1.629356681513E9">
    <skipped/>
  </testcase> <!-- @AfterClass CloseBrowser -->
  <testcase classname="com.Generic.BaseClass" name="@BeforeClass LaunchBrowser" time="-1.629356681517E9">
    <failure type="org.testng.TestNGException" message="
Parameter &amp;apos;BROWSWER&amp;apos; is required by BeforeClass on method LaunchBrowser but has not been marked @Optional or defined
in C:\Users\91962\eclipse-workspace\SDET_19\testng_crsbrowser.xml">
      <![CDATA[org.testng.TestNGException: 
Parameter 'BROWSWER' is required by BeforeClass on method LaunchBrowser but has not been marked @Optional or defined
in C:\Users\91962\eclipse-workspace\SDET_19\testng_crsbrowser.xml
at java.base/java.util.ArrayList.forEach(ArrayList.java:1511)
... Removed 22 stack frames]]>
    </failure>
  </testcase> <!-- @BeforeClass LaunchBrowser -->
  <testcase classname="com.Generic.BaseClass" name="@BeforeMethod logintoAppln" time="-1.629356681542E9">
    <skipped/>
  </testcase> <!-- @BeforeMethod logintoAppln -->
  <testcase classname="com.Generic.BaseClass" name="@AfterMethod LogoutAppln" time="-1.62935668156E9">
    <skipped/>
  </testcase> <!-- @AfterMethod LogoutAppln -->
  <testcase classname="com.Generic.BaseClass" name="@AfterClass CloseBrowser" time="-1.629356681569E9">
    <skipped/>
  </testcase> <!-- @AfterClass CloseBrowser -->
  <testcase classname="Test.vtiger.TC_11" name="TC_11Test" time="0.0">
    <skipped/>
  </testcase> <!-- TC_11Test -->
  <testcase classname="Test.vtiger.TC_10" name="CreatingNewOpportunityPageTest" time="0.0">
    <skipped/>
  </testcase> <!-- CreatingNewOpportunityPageTest -->
  <testcase classname="Test.vtiger.TC_13" name="TC_13Test" time="0.0">
    <skipped/>
  </testcase> <!-- TC_13Test -->
</testsuite> <!-- Tests runner -2 -->
