<!DOCTYPE html PUBLIC "-//W3C//DTD XHTML 1.1//EN" "https://www.w3.org/TR/xhtml11/DTD/xhtml11.dtd">
<html xmlns="https://www.w3.org/1999/xhtml">
<head>
<meta http-equiv="content-type" content="text/html; charset=UTF-8"/>
<title>TestNG Report</title>
<style type="text/css">table {margin-bottom:10px;border-collapse:collapse;empty-cells:show}th,td {border:1px solid #009;padding:.25em .5em}th {vertical-align:bottom}td {vertical-align:top}table a {font-weight:bold}.stripe td {background-color: #E6EBF9}.num {text-align:right}.passedodd td {background-color: #3F3}.passedeven td {background-color: #0A0}.skippedodd td {background-color: #DDD}.skippedeven td {background-color: #CCC}.failedodd td,.attn {background-color: #F33}.failedeven td,.stripe .attn {background-color: #D00}.stacktrace {white-space:pre;font-family:monospace}.totop {font-size:85%;text-align:center;border-bottom:2px solid #000}.invisible {display:none}</style>
</head>
<body>
<table>
<tr><th>Test</th><th># Passed</th><th># Skipped</th><th># Retried</th><th># Failed</th><th>Time (ms)</th><th>Included Groups</th><th>Excluded Groups</th></tr>
<tr><th colspan="8">Suite</th></tr>
<tr><td><a href="#t0">Tests runner -Chrome</a></td><td class="num">3</td><td class="num">0</td><td class="num">0</td><td class="num">0</td><td class="num">103,835</td><td></td><td></td></tr>
<tr class="stripe"><td><a href="#t1">Tests runner -Firefox</a></td><td class="num">1</td><td class="num">0</td><td class="num">0</td><td class="num attn">2</td><td class="num">91,600</td><td></td><td></td></tr>
<tr><th>Total</th><th class="num">4</th><th class="num">0</th><th class="num">0</th><th class="num attn">2</th><th class="num">195,435</th><th colspan="2"></th></tr>
</table>
<table id='summary'><thead><tr><th>Class</th><th>Method</th><th>Start</th><th>Time (ms)</th></tr></thead><tbody><tr><th colspan="4">Suite</th></tr></tbody><tbody id="t0"><tr><th colspan="4">Tests runner -Chrome &#8212; passed</th></tr><tr class="passedeven"><td rowspan="1">Test.vtiger.TC_10</td><td><a href="#m0">CreatingNewOpportunityPageTest</a></td><td rowspan="1">1629358717431</td><td rowspan="1">25593</td></tr><tr class="passedodd"><td rowspan="1">Test.vtiger.TC_11</td><td><a href="#m1">TC_11Test</a></td><td rowspan="1">1629358684895</td><td rowspan="1">20119</td></tr><tr class="passedeven"><td rowspan="1">Test.vtiger.TC_13</td><td><a href="#m2">TC_13Test</a></td><td rowspan="1">1629358754799</td><td rowspan="1">21412</td></tr></tbody>
<tbody id="t1"><tr><th colspan="4">Tests runner -Firefox &#8212; failed</th></tr><tr class="failedeven"><td rowspan="1">Test.vtiger.TC_10</td><td><a href="#m3">CreatingNewOpportunityPageTest</a></td><td rowspan="1">1629358817385</td><td rowspan="1">16120</td></tr><tr class="failedodd"><td rowspan="1">Test.vtiger.TC_11</td><td><a href="#m4">TC_11Test</a></td><td rowspan="1">1629358787539</td><td rowspan="1">16830</td></tr><tr><th colspan="4">Tests runner -Firefox &#8212; passed</th></tr><tr class="passedeven"><td rowspan="1">Test.vtiger.TC_13</td><td><a href="#m5">TC_13Test</a></td><td rowspan="1">1629358846402</td><td rowspan="1">21473</td></tr></tbody>
</table>
<h2>Tests runner -Chrome</h2><h3 id="m0">Test.vtiger.TC_10#CreatingNewOpportunityPageTest</h3><table class="result"><tr><th class="invisible"/></tr></table><p class="totop"><a href="#summary">back to summary</a></p>
<h3 id="m1">Test.vtiger.TC_11#TC_11Test</h3><table class="result"><tr><th class="invisible"/></tr></table><p class="totop"><a href="#summary">back to summary</a></p>
<h3 id="m2">Test.vtiger.TC_13#TC_13Test</h3><table class="result"><tr><th class="invisible"/></tr></table><p class="totop"><a href="#summary">back to summary</a></p>
<h2>Tests runner -Firefox</h2><h3 id="m3">Test.vtiger.TC_10#CreatingNewOpportunityPageTest</h3><table class="result"><tr><th>Exception</th></tr><tr><td><div class="stacktrace">org.openqa.selenium.NoSuchWindowException: no such window
  (Session info: chrome=92.0.4515.131)
Build info: version: &apos;3.141.59&apos;, revision: &apos;e82be7d358&apos;, time: &apos;2018-11-14T08:17:03&apos;
System info: host: &apos;DESKTOP-5S42HBC&apos;, ip: &apos;172.16.17.19&apos;, os.name: &apos;Windows 10&apos;, os.arch: &apos;amd64&apos;, os.version: &apos;10.0&apos;, java.version: &apos;15.0.2&apos;
Driver info: org.openqa.selenium.chrome.ChromeDriver
Capabilities {acceptInsecureCerts: false, browserName: chrome, browserVersion: 92.0.4515.131, chrome: {chromedriverVersion: 91.0.4472.19 (1bf021f248676..., userDataDir: C:\Users\91962\AppData\Loca...}, goog:chromeOptions: {debuggerAddress: localhost:57678}, javascriptEnabled: true, networkConnectionEnabled: false, pageLoadStrategy: normal, platform: WINDOWS, platformName: WINDOWS, proxy: Proxy(), setWindowRect: true, strictFileInteractability: false, timeouts: {implicit: 0, pageLoad: 300000, script: 30000}, unhandledPromptBehavior: dismiss and notify, webauthn:extension:largeBlob: true, webauthn:virtualAuthenticators: true}
Session ID: 4702d5f63759313b4d870daaf1785a10
	at org.openqa.selenium.remote.http.W3CHttpResponseCodec.createException(W3CHttpResponseCodec.java:187)
	at org.openqa.selenium.remote.http.W3CHttpResponseCodec.decode(W3CHttpResponseCodec.java:122)
	at org.openqa.selenium.remote.http.W3CHttpResponseCodec.decode(W3CHttpResponseCodec.java:49)
	at org.openqa.selenium.remote.HttpCommandExecutor.execute(HttpCommandExecutor.java:158)
	at org.openqa.selenium.remote.service.DriverCommandExecutor.execute(DriverCommandExecutor.java:83)
	at org.openqa.selenium.remote.RemoteWebDriver.execute(RemoteWebDriver.java:552)
	at org.openqa.selenium.remote.RemoteWebDriver$RemoteTargetLocator.window(RemoteWebDriver.java:903)
	at com.Generic.WebDriverUtilities.switchwindow(WebDriverUtilities.java:190)
	at com.ObjectRepo.CreatingNewOpportunityPage.creatingOpportunity(CreatingNewOpportunityPage.java:137)
	at Test.vtiger.TC_10.CreatingNewOpportunityPageTest(TC_10.java:35)
	at java.base/java.util.ArrayList.forEach(ArrayList.java:1511)
... Removed 32 stack frames</div></td></tr></table><p class="totop"><a href="#summary">back to summary</a></p>
<h3 id="m4">Test.vtiger.TC_11#TC_11Test</h3><table class="result"><tr><th>Exception</th></tr><tr><td><div class="stacktrace">org.openqa.selenium.NoSuchWindowException: no such window
  (Session info: chrome=92.0.4515.131)
Build info: version: &apos;3.141.59&apos;, revision: &apos;e82be7d358&apos;, time: &apos;2018-11-14T08:17:03&apos;
System info: host: &apos;DESKTOP-5S42HBC&apos;, ip: &apos;172.16.17.19&apos;, os.name: &apos;Windows 10&apos;, os.arch: &apos;amd64&apos;, os.version: &apos;10.0&apos;, java.version: &apos;15.0.2&apos;
Driver info: org.openqa.selenium.chrome.ChromeDriver
Capabilities {acceptInsecureCerts: false, browserName: chrome, browserVersion: 92.0.4515.131, chrome: {chromedriverVersion: 91.0.4472.19 (1bf021f248676..., userDataDir: C:\Users\91962\AppData\Loca...}, goog:chromeOptions: {debuggerAddress: localhost:50659}, javascriptEnabled: true, networkConnectionEnabled: false, pageLoadStrategy: normal, platform: WINDOWS, platformName: WINDOWS, proxy: Proxy(), setWindowRect: true, strictFileInteractability: false, timeouts: {implicit: 0, pageLoad: 300000, script: 30000}, unhandledPromptBehavior: dismiss and notify, webauthn:extension:largeBlob: true, webauthn:virtualAuthenticators: true}
Session ID: cf3fe557b998abbdafca69ab2a16b398
	at org.openqa.selenium.remote.http.W3CHttpResponseCodec.createException(W3CHttpResponseCodec.java:187)
	at org.openqa.selenium.remote.http.W3CHttpResponseCodec.decode(W3CHttpResponseCodec.java:122)
	at org.openqa.selenium.remote.http.W3CHttpResponseCodec.decode(W3CHttpResponseCodec.java:49)
	at org.openqa.selenium.remote.HttpCommandExecutor.execute(HttpCommandExecutor.java:158)
	at org.openqa.selenium.remote.service.DriverCommandExecutor.execute(DriverCommandExecutor.java:83)
	at org.openqa.selenium.remote.RemoteWebDriver.execute(RemoteWebDriver.java:552)
	at org.openqa.selenium.remote.RemoteWebDriver$RemoteTargetLocator.window(RemoteWebDriver.java:903)
	at com.Generic.WebDriverUtilities.switchwindow(WebDriverUtilities.java:190)
	at com.ObjectRepo.CreatingNewOpportunityPage.creatingOpportunity_cal(CreatingNewOpportunityPage.java:166)
	at Test.vtiger.TC_11.TC_11Test(TC_11.java:32)
	at java.base/java.util.ArrayList.forEach(ArrayList.java:1511)
... Removed 32 stack frames</div></td></tr></table><p class="totop"><a href="#summary">back to summary</a></p>
<h3 id="m5">Test.vtiger.TC_13#TC_13Test</h3><table class="result"><tr><th class="invisible"/></tr></table><p class="totop"><a href="#summary">back to summary</a></p>
</body>
</html>
