<?xml version="1.0" encoding="UTF-8"?>
<testng-results ignored="0" total="6" passed="4" failed="2" skipped="0">
  <reporter-output>
  </reporter-output>
  <suite started-at="2021-08-19T13:07:54 IST" name="Suite" finished-at="2021-08-19T13:11:09 IST" duration-ms="195570">
    <groups>
    </groups>
    <test started-at="2021-08-19T13:07:54 IST" name="Tests runner -Chrome" finished-at="2021-08-19T13:09:38 IST" duration-ms="103835">
      <class name="Test.vtiger.TC_13">
        <test-method is-config="true" signature="LaunchBrowser(java.lang.String)[pri:0, instance:Test.vtiger.TC_13@4efc180e]" started-at="2021-08-19T13:09:05 IST" name="LaunchBrowser" finished-at="2021-08-19T13:09:09 IST" duration-ms="3706" status="PASS">
          <params>
            <param index="0">
              <value>
                <![CDATA[Chrome]]>
              </value>
            </param>
          </params>
          <reporter-output>
          </reporter-output>
        </test-method> <!-- LaunchBrowser -->
        <test-method is-config="true" signature="logintoAppln()[pri:0, instance:Test.vtiger.TC_13@4efc180e]" started-at="2021-08-19T13:09:09 IST" name="logintoAppln" finished-at="2021-08-19T13:09:14 IST" duration-ms="5631" status="PASS">
          <reporter-output>
          </reporter-output>
        </test-method> <!-- logintoAppln -->
        <test-method signature="TC_13Test()[pri:0, instance:Test.vtiger.TC_13@4efc180e]" started-at="2021-08-19T13:09:14 IST" name="TC_13Test" finished-at="2021-08-19T13:09:36 IST" duration-ms="21412" status="PASS">
          <reporter-output>
          </reporter-output>
        </test-method> <!-- TC_13Test -->
        <test-method is-config="true" signature="LogoutAppln()[pri:0, instance:Test.vtiger.TC_13@4efc180e]" started-at="2021-08-19T13:09:36 IST" name="LogoutAppln" finished-at="2021-08-19T13:09:38 IST" duration-ms="1817" status="PASS">
          <reporter-output>
          </reporter-output>
        </test-method> <!-- LogoutAppln -->
        <test-method is-config="true" signature="CloseBrowser()[pri:0, instance:Test.vtiger.TC_13@4efc180e]" started-at="2021-08-19T13:09:38 IST" name="CloseBrowser" finished-at="2021-08-19T13:09:38 IST" duration-ms="138" status="PASS">
          <reporter-output>
          </reporter-output>
        </test-method> <!-- CloseBrowser -->
      </class> <!-- Test.vtiger.TC_13 -->
      <class name="Test.vtiger.TC_11">
        <test-method is-config="true" signature="LaunchBrowser(java.lang.String)[pri:0, instance:Test.vtiger.TC_11@67c33749]" started-at="2021-08-19T13:07:54 IST" name="LaunchBrowser" finished-at="2021-08-19T13:07:58 IST" duration-ms="4433" status="PASS">
          <params>
            <param index="0">
              <value>
                <![CDATA[Chrome]]>
              </value>
            </param>
          </params>
          <reporter-output>
          </reporter-output>
        </test-method> <!-- LaunchBrowser -->
        <test-method is-config="true" signature="logintoAppln()[pri:0, instance:Test.vtiger.TC_11@67c33749]" started-at="2021-08-19T13:07:58 IST" name="logintoAppln" finished-at="2021-08-19T13:08:04 IST" duration-ms="6073" status="PASS">
          <reporter-output>
          </reporter-output>
        </test-method> <!-- logintoAppln -->
        <test-method signature="TC_11Test()[pri:0, instance:Test.vtiger.TC_11@67c33749]" started-at="2021-08-19T13:08:04 IST" name="TC_11Test" finished-at="2021-08-19T13:08:25 IST" duration-ms="20119" status="PASS">
          <reporter-output>
          </reporter-output>
        </test-method> <!-- TC_11Test -->
        <test-method is-config="true" signature="LogoutAppln()[pri:0, instance:Test.vtiger.TC_11@67c33749]" started-at="2021-08-19T13:08:25 IST" name="LogoutAppln" finished-at="2021-08-19T13:08:26 IST" duration-ms="1769" status="PASS">
          <reporter-output>
          </reporter-output>
        </test-method> <!-- LogoutAppln -->
        <test-method is-config="true" signature="CloseBrowser()[pri:0, instance:Test.vtiger.TC_11@67c33749]" started-at="2021-08-19T13:08:26 IST" name="CloseBrowser" finished-at="2021-08-19T13:08:26 IST" duration-ms="175" status="PASS">
          <reporter-output>
          </reporter-output>
        </test-method> <!-- CloseBrowser -->
      </class> <!-- Test.vtiger.TC_11 -->
      <class name="Test.vtiger.TC_10">
        <test-method is-config="true" signature="LaunchBrowser(java.lang.String)[pri:0, instance:Test.vtiger.TC_10@5fbdfdcf]" started-at="2021-08-19T13:08:26 IST" name="LaunchBrowser" finished-at="2021-08-19T13:08:30 IST" duration-ms="3697" status="PASS">
          <params>
            <param index="0">
              <value>
                <![CDATA[Chrome]]>
              </value>
            </param>
          </params>
          <reporter-output>
          </reporter-output>
        </test-method> <!-- LaunchBrowser -->
        <test-method is-config="true" signature="logintoAppln()[pri:0, instance:Test.vtiger.TC_10@5fbdfdcf]" started-at="2021-08-19T13:08:30 IST" name="logintoAppln" finished-at="2021-08-19T13:08:37 IST" duration-ms="6770" status="PASS">
          <reporter-output>
          </reporter-output>
        </test-method> <!-- logintoAppln -->
        <test-method signature="CreatingNewOpportunityPageTest()[pri:0, instance:Test.vtiger.TC_10@5fbdfdcf]" started-at="2021-08-19T13:08:37 IST" name="CreatingNewOpportunityPageTest" finished-at="2021-08-19T13:09:03 IST" duration-ms="25593" status="PASS">
          <reporter-output>
          </reporter-output>
        </test-method> <!-- CreatingNewOpportunityPageTest -->
        <test-method is-config="true" signature="LogoutAppln()[pri:0, instance:Test.vtiger.TC_10@5fbdfdcf]" started-at="2021-08-19T13:09:03 IST" name="LogoutAppln" finished-at="2021-08-19T13:09:05 IST" duration-ms="2302" status="PASS">
          <reporter-output>
          </reporter-output>
        </test-method> <!-- LogoutAppln -->
        <test-method is-config="true" signature="CloseBrowser()[pri:0, instance:Test.vtiger.TC_10@5fbdfdcf]" started-at="2021-08-19T13:09:05 IST" name="CloseBrowser" finished-at="2021-08-19T13:09:05 IST" duration-ms="133" status="PASS">
          <reporter-output>
          </reporter-output>
        </test-method> <!-- CloseBrowser -->
      </class> <!-- Test.vtiger.TC_10 -->
    </test> <!-- Tests runner -Chrome -->
    <test started-at="2021-08-19T13:09:38 IST" name="Tests runner -Firefox" finished-at="2021-08-19T13:11:09 IST" duration-ms="91600">
      <class name="Test.vtiger.TC_13">
        <test-method is-config="true" signature="LaunchBrowser(java.lang.String)[pri:0, instance:Test.vtiger.TC_13@bae7dc0]" started-at="2021-08-19T13:10:36 IST" name="LaunchBrowser" finished-at="2021-08-19T13:10:40 IST" duration-ms="3769" status="PASS">
          <params>
            <param index="0">
              <value>
                <![CDATA[Firefox]]>
              </value>
            </param>
          </params>
          <reporter-output>
          </reporter-output>
        </test-method> <!-- LaunchBrowser -->
        <test-method is-config="true" signature="logintoAppln()[pri:0, instance:Test.vtiger.TC_13@bae7dc0]" started-at="2021-08-19T13:10:40 IST" name="logintoAppln" finished-at="2021-08-19T13:10:46 IST" duration-ms="5954" status="PASS">
          <reporter-output>
          </reporter-output>
        </test-method> <!-- logintoAppln -->
        <test-method signature="TC_13Test()[pri:0, instance:Test.vtiger.TC_13@bae7dc0]" started-at="2021-08-19T13:10:46 IST" name="TC_13Test" finished-at="2021-08-19T13:11:07 IST" duration-ms="21473" status="PASS">
          <reporter-output>
          </reporter-output>
        </test-method> <!-- TC_13Test -->
        <test-method is-config="true" signature="LogoutAppln()[pri:0, instance:Test.vtiger.TC_13@bae7dc0]" started-at="2021-08-19T13:11:07 IST" name="LogoutAppln" finished-at="2021-08-19T13:11:09 IST" duration-ms="1901" status="PASS">
          <reporter-output>
          </reporter-output>
        </test-method> <!-- LogoutAppln -->
        <test-method is-config="true" signature="CloseBrowser()[pri:0, instance:Test.vtiger.TC_13@bae7dc0]" started-at="2021-08-19T13:11:09 IST" name="CloseBrowser" finished-at="2021-08-19T13:11:09 IST" duration-ms="126" status="PASS">
          <reporter-output>
          </reporter-output>
        </test-method> <!-- CloseBrowser -->
      </class> <!-- Test.vtiger.TC_13 -->
      <class name="Test.vtiger.TC_11">
        <test-method is-config="true" signature="LaunchBrowser(java.lang.String)[pri:0, instance:Test.vtiger.TC_11@6fd83fc1]" started-at="2021-08-19T13:09:38 IST" name="LaunchBrowser" finished-at="2021-08-19T13:09:42 IST" duration-ms="3695" status="PASS">
          <params>
            <param index="0">
              <value>
                <![CDATA[Firefox]]>
              </value>
            </param>
          </params>
          <reporter-output>
          </reporter-output>
        </test-method> <!-- LaunchBrowser -->
        <test-method is-config="true" signature="logintoAppln()[pri:0, instance:Test.vtiger.TC_11@6fd83fc1]" started-at="2021-08-19T13:09:42 IST" name="logintoAppln" finished-at="2021-08-19T13:09:47 IST" duration-ms="5536" status="PASS">
          <reporter-output>
          </reporter-output>
        </test-method> <!-- logintoAppln -->
        <test-method signature="TC_11Test()[pri:0, instance:Test.vtiger.TC_11@6fd83fc1]" started-at="2021-08-19T13:09:47 IST" name="TC_11Test" finished-at="2021-08-19T13:10:04 IST" duration-ms="16830" status="FAIL">
          <exception class="org.openqa.selenium.NoSuchWindowException">
            <message>
              <![CDATA[no such window
  (Session info: chrome=92.0.4515.131)
Build info: version: '3.141.59', revision: 'e82be7d358', time: '2018-11-14T08:17:03'
System info: host: 'DESKTOP-5S42HBC', ip: '172.16.17.19', os.name: 'Windows 10', os.arch: 'amd64', os.version: '10.0', java.version: '15.0.2'
Driver info: org.openqa.selenium.chrome.ChromeDriver
Capabilities {acceptInsecureCerts: false, browserName: chrome, browserVersion: 92.0.4515.131, chrome: {chromedriverVersion: 91.0.4472.19 (1bf021f248676..., userDataDir: C:\Users\91962\AppData\Loca...}, goog:chromeOptions: {debuggerAddress: localhost:50659}, javascriptEnabled: true, networkConnectionEnabled: false, pageLoadStrategy: normal, platform: WINDOWS, platformName: WINDOWS, proxy: Proxy(), setWindowRect: true, strictFileInteractability: false, timeouts: {implicit: 0, pageLoad: 300000, script: 30000}, unhandledPromptBehavior: dismiss and notify, webauthn:extension:largeBlob: true, webauthn:virtualAuthenticators: true}
Session ID: cf3fe557b998abbdafca69ab2a16b398]]>
            </message>
            <full-stacktrace>
              <![CDATA[org.openqa.selenium.NoSuchWindowException: no such window
  (Session info: chrome=92.0.4515.131)
Build info: version: '3.141.59', revision: 'e82be7d358', time: '2018-11-14T08:17:03'
System info: host: 'DESKTOP-5S42HBC', ip: '172.16.17.19', os.name: 'Windows 10', os.arch: 'amd64', os.version: '10.0', java.version: '15.0.2'
Driver info: org.openqa.selenium.chrome.ChromeDriver
Capabilities {acceptInsecureCerts: false, browserName: chrome, browserVersion: 92.0.4515.131, chrome: {chromedriverVersion: 91.0.4472.19 (1bf021f248676..., userDataDir: C:\Users\91962\AppData\Loca...}, goog:chromeOptions: {debuggerAddress: localhost:50659}, javascriptEnabled: true, networkConnectionEnabled: false, pageLoadStrategy: normal, platform: WINDOWS, platformName: WINDOWS, proxy: Proxy(), setWindowRect: true, strictFileInteractability: false, timeouts: {implicit: 0, pageLoad: 300000, script: 30000}, unhandledPromptBehavior: dismiss and notify, webauthn:extension:largeBlob: true, webauthn:virtualAuthenticators: true}
Session ID: cf3fe557b998abbdafca69ab2a16b398
at java.base/jdk.internal.reflect.NativeConstructorAccessorImpl.newInstance0(Native Method)
at java.base/jdk.internal.reflect.NativeConstructorAccessorImpl.newInstance(NativeConstructorAccessorImpl.java:64)
at java.base/jdk.internal.reflect.DelegatingConstructorAccessorImpl.newInstance(DelegatingConstructorAccessorImpl.java:45)
at java.base/java.lang.reflect.Constructor.newInstanceWithCaller(Constructor.java:500)
at java.base/java.lang.reflect.Constructor.newInstance(Constructor.java:481)
at org.openqa.selenium.remote.http.W3CHttpResponseCodec.createException(W3CHttpResponseCodec.java:187)
at org.openqa.selenium.remote.http.W3CHttpResponseCodec.decode(W3CHttpResponseCodec.java:122)
at org.openqa.selenium.remote.http.W3CHttpResponseCodec.decode(W3CHttpResponseCodec.java:49)
at org.openqa.selenium.remote.HttpCommandExecutor.execute(HttpCommandExecutor.java:158)
at org.openqa.selenium.remote.service.DriverCommandExecutor.execute(DriverCommandExecutor.java:83)
at org.openqa.selenium.remote.RemoteWebDriver.execute(RemoteWebDriver.java:552)
at org.openqa.selenium.remote.RemoteWebDriver$RemoteTargetLocator.window(RemoteWebDriver.java:903)
at com.Generic.WebDriverUtilities.switchwindow(WebDriverUtilities.java:190)
at com.ObjectRepo.CreatingNewOpportunityPage.creatingOpportunity_cal(CreatingNewOpportunityPage.java:166)
at Test.vtiger.TC_11.TC_11Test(TC_11.java:32)
at java.base/jdk.internal.reflect.NativeMethodAccessorImpl.invoke0(Native Method)
at java.base/jdk.internal.reflect.NativeMethodAccessorImpl.invoke(NativeMethodAccessorImpl.java:64)
at java.base/jdk.internal.reflect.DelegatingMethodAccessorImpl.invoke(DelegatingMethodAccessorImpl.java:43)
at java.base/java.lang.reflect.Method.invoke(Method.java:564)
at org.testng.internal.MethodInvocationHelper.invokeMethod(MethodInvocationHelper.java:133)
at org.testng.internal.TestInvoker.invokeMethod(TestInvoker.java:598)
at org.testng.internal.TestInvoker.invokeTestMethod(TestInvoker.java:173)
at org.testng.internal.MethodRunner.runInSequence(MethodRunner.java:46)
at org.testng.internal.TestInvoker$MethodInvocationAgent.invoke(TestInvoker.java:824)
at org.testng.internal.TestInvoker.invokeTestMethods(TestInvoker.java:146)
at org.testng.internal.TestMethodWorker.invokeTestMethods(TestMethodWorker.java:146)
at org.testng.internal.TestMethodWorker.run(TestMethodWorker.java:128)
at java.base/java.util.ArrayList.forEach(ArrayList.java:1511)
at org.testng.TestRunner.privateRun(TestRunner.java:794)
at org.testng.TestRunner.run(TestRunner.java:596)
at org.testng.SuiteRunner.runTest(SuiteRunner.java:377)
at org.testng.SuiteRunner.runSequentially(SuiteRunner.java:371)
at org.testng.SuiteRunner.privateRun(SuiteRunner.java:332)
at org.testng.SuiteRunner.run(SuiteRunner.java:276)
at org.testng.SuiteRunnerWorker.runSuite(SuiteRunnerWorker.java:53)
at org.testng.SuiteRunnerWorker.run(SuiteRunnerWorker.java:96)
at org.testng.TestNG.runSuitesSequentially(TestNG.java:1212)
at org.testng.TestNG.runSuitesLocally(TestNG.java:1134)
at org.testng.TestNG.runSuites(TestNG.java:1063)
at org.testng.TestNG.run(TestNG.java:1031)
at org.testng.remote.AbstractRemoteTestNG.run(AbstractRemoteTestNG.java:115)
at org.testng.remote.RemoteTestNG.initAndRun(RemoteTestNG.java:251)
at org.testng.remote.RemoteTestNG.main(RemoteTestNG.java:77)
]]>
            </full-stacktrace>
          </exception> <!-- org.openqa.selenium.NoSuchWindowException -->
          <reporter-output>
          </reporter-output>
        </test-method> <!-- TC_11Test -->
        <test-method is-config="true" signature="LogoutAppln()[pri:0, instance:Test.vtiger.TC_11@6fd83fc1]" started-at="2021-08-19T13:10:04 IST" name="LogoutAppln" finished-at="2021-08-19T13:10:07 IST" duration-ms="2684" status="PASS">
          <reporter-output>
          </reporter-output>
        </test-method> <!-- LogoutAppln -->
        <test-method is-config="true" signature="CloseBrowser()[pri:0, instance:Test.vtiger.TC_11@6fd83fc1]" started-at="2021-08-19T13:10:07 IST" name="CloseBrowser" finished-at="2021-08-19T13:10:07 IST" duration-ms="383" status="PASS">
          <reporter-output>
          </reporter-output>
        </test-method> <!-- CloseBrowser -->
      </class> <!-- Test.vtiger.TC_11 -->
      <class name="Test.vtiger.TC_10">
        <test-method is-config="true" signature="LaunchBrowser(java.lang.String)[pri:0, instance:Test.vtiger.TC_10@4f2b503c]" started-at="2021-08-19T13:10:07 IST" name="LaunchBrowser" finished-at="2021-08-19T13:10:11 IST" duration-ms="3903" status="PASS">
          <params>
            <param index="0">
              <value>
                <![CDATA[Firefox]]>
              </value>
            </param>
          </params>
          <reporter-output>
          </reporter-output>
        </test-method> <!-- LaunchBrowser -->
        <test-method is-config="true" signature="logintoAppln()[pri:0, instance:Test.vtiger.TC_10@4f2b503c]" started-at="2021-08-19T13:10:11 IST" name="logintoAppln" finished-at="2021-08-19T13:10:17 IST" duration-ms="6037" status="PASS">
          <reporter-output>
          </reporter-output>
        </test-method> <!-- logintoAppln -->
        <test-method signature="CreatingNewOpportunityPageTest()[pri:0, instance:Test.vtiger.TC_10@4f2b503c]" started-at="2021-08-19T13:10:17 IST" name="CreatingNewOpportunityPageTest" finished-at="2021-08-19T13:10:33 IST" duration-ms="16120" status="FAIL">
          <exception class="org.openqa.selenium.NoSuchWindowException">
            <message>
              <![CDATA[no such window
  (Session info: chrome=92.0.4515.131)
Build info: version: '3.141.59', revision: 'e82be7d358', time: '2018-11-14T08:17:03'
System info: host: 'DESKTOP-5S42HBC', ip: '172.16.17.19', os.name: 'Windows 10', os.arch: 'amd64', os.version: '10.0', java.version: '15.0.2'
Driver info: org.openqa.selenium.chrome.ChromeDriver
Capabilities {acceptInsecureCerts: false, browserName: chrome, browserVersion: 92.0.4515.131, chrome: {chromedriverVersion: 91.0.4472.19 (1bf021f248676..., userDataDir: C:\Users\91962\AppData\Loca...}, goog:chromeOptions: {debuggerAddress: localhost:57678}, javascriptEnabled: true, networkConnectionEnabled: false, pageLoadStrategy: normal, platform: WINDOWS, platformName: WINDOWS, proxy: Proxy(), setWindowRect: true, strictFileInteractability: false, timeouts: {implicit: 0, pageLoad: 300000, script: 30000}, unhandledPromptBehavior: dismiss and notify, webauthn:extension:largeBlob: true, webauthn:virtualAuthenticators: true}
Session ID: 4702d5f63759313b4d870daaf1785a10]]>
            </message>
            <full-stacktrace>
              <![CDATA[org.openqa.selenium.NoSuchWindowException: no such window
  (Session info: chrome=92.0.4515.131)
Build info: version: '3.141.59', revision: 'e82be7d358', time: '2018-11-14T08:17:03'
System info: host: 'DESKTOP-5S42HBC', ip: '172.16.17.19', os.name: 'Windows 10', os.arch: 'amd64', os.version: '10.0', java.version: '15.0.2'
Driver info: org.openqa.selenium.chrome.ChromeDriver
Capabilities {acceptInsecureCerts: false, browserName: chrome, browserVersion: 92.0.4515.131, chrome: {chromedriverVersion: 91.0.4472.19 (1bf021f248676..., userDataDir: C:\Users\91962\AppData\Loca...}, goog:chromeOptions: {debuggerAddress: localhost:57678}, javascriptEnabled: true, networkConnectionEnabled: false, pageLoadStrategy: normal, platform: WINDOWS, platformName: WINDOWS, proxy: Proxy(), setWindowRect: true, strictFileInteractability: false, timeouts: {implicit: 0, pageLoad: 300000, script: 30000}, unhandledPromptBehavior: dismiss and notify, webauthn:extension:largeBlob: true, webauthn:virtualAuthenticators: true}
Session ID: 4702d5f63759313b4d870daaf1785a10
at java.base/jdk.internal.reflect.NativeConstructorAccessorImpl.newInstance0(Native Method)
at java.base/jdk.internal.reflect.NativeConstructorAccessorImpl.newInstance(NativeConstructorAccessorImpl.java:64)
at java.base/jdk.internal.reflect.DelegatingConstructorAccessorImpl.newInstance(DelegatingConstructorAccessorImpl.java:45)
at java.base/java.lang.reflect.Constructor.newInstanceWithCaller(Constructor.java:500)
at java.base/java.lang.reflect.Constructor.newInstance(Constructor.java:481)
at org.openqa.selenium.remote.http.W3CHttpResponseCodec.createException(W3CHttpResponseCodec.java:187)
at org.openqa.selenium.remote.http.W3CHttpResponseCodec.decode(W3CHttpResponseCodec.java:122)
at org.openqa.selenium.remote.http.W3CHttpResponseCodec.decode(W3CHttpResponseCodec.java:49)
at org.openqa.selenium.remote.HttpCommandExecutor.execute(HttpCommandExecutor.java:158)
at org.openqa.selenium.remote.service.DriverCommandExecutor.execute(DriverCommandExecutor.java:83)
at org.openqa.selenium.remote.RemoteWebDriver.execute(RemoteWebDriver.java:552)
at org.openqa.selenium.remote.RemoteWebDriver$RemoteTargetLocator.window(RemoteWebDriver.java:903)
at com.Generic.WebDriverUtilities.switchwindow(WebDriverUtilities.java:190)
at com.ObjectRepo.CreatingNewOpportunityPage.creatingOpportunity(CreatingNewOpportunityPage.java:137)
at Test.vtiger.TC_10.CreatingNewOpportunityPageTest(TC_10.java:35)
at java.base/jdk.internal.reflect.NativeMethodAccessorImpl.invoke0(Native Method)
at java.base/jdk.internal.reflect.NativeMethodAccessorImpl.invoke(NativeMethodAccessorImpl.java:64)
at java.base/jdk.internal.reflect.DelegatingMethodAccessorImpl.invoke(DelegatingMethodAccessorImpl.java:43)
at java.base/java.lang.reflect.Method.invoke(Method.java:564)
at org.testng.internal.MethodInvocationHelper.invokeMethod(MethodInvocationHelper.java:133)
at org.testng.internal.TestInvoker.invokeMethod(TestInvoker.java:598)
at org.testng.internal.TestInvoker.invokeTestMethod(TestInvoker.java:173)
at org.testng.internal.MethodRunner.runInSequence(MethodRunner.java:46)
at org.testng.internal.TestInvoker$MethodInvocationAgent.invoke(TestInvoker.java:824)
at org.testng.internal.TestInvoker.invokeTestMethods(TestInvoker.java:146)
at org.testng.internal.TestMethodWorker.invokeTestMethods(TestMethodWorker.java:146)
at org.testng.internal.TestMethodWorker.run(TestMethodWorker.java:128)
at java.base/java.util.ArrayList.forEach(ArrayList.java:1511)
at org.testng.TestRunner.privateRun(TestRunner.java:794)
at org.testng.TestRunner.run(TestRunner.java:596)
at org.testng.SuiteRunner.runTest(SuiteRunner.java:377)
at org.testng.SuiteRunner.runSequentially(SuiteRunner.java:371)
at org.testng.SuiteRunner.privateRun(SuiteRunner.java:332)
at org.testng.SuiteRunner.run(SuiteRunner.java:276)
at org.testng.SuiteRunnerWorker.runSuite(SuiteRunnerWorker.java:53)
at org.testng.SuiteRunnerWorker.run(SuiteRunnerWorker.java:96)
at org.testng.TestNG.runSuitesSequentially(TestNG.java:1212)
at org.testng.TestNG.runSuitesLocally(TestNG.java:1134)
at org.testng.TestNG.runSuites(TestNG.java:1063)
at org.testng.TestNG.run(TestNG.java:1031)
at org.testng.remote.AbstractRemoteTestNG.run(AbstractRemoteTestNG.java:115)
at org.testng.remote.RemoteTestNG.initAndRun(RemoteTestNG.java:251)
at org.testng.remote.RemoteTestNG.main(RemoteTestNG.java:77)
]]>
            </full-stacktrace>
          </exception> <!-- org.openqa.selenium.NoSuchWindowException -->
          <reporter-output>
          </reporter-output>
        </test-method> <!-- CreatingNewOpportunityPageTest -->
        <test-method is-config="true" signature="LogoutAppln()[pri:0, instance:Test.vtiger.TC_10@4f2b503c]" started-at="2021-08-19T13:10:33 IST" name="LogoutAppln" finished-at="2021-08-19T13:10:36 IST" duration-ms="3018" status="PASS">
          <reporter-output>
          </reporter-output>
        </test-method> <!-- LogoutAppln -->
        <test-method is-config="true" signature="CloseBrowser()[pri:0, instance:Test.vtiger.TC_10@4f2b503c]" started-at="2021-08-19T13:10:36 IST" name="CloseBrowser" finished-at="2021-08-19T13:10:36 IST" duration-ms="148" status="PASS">
          <reporter-output>
          </reporter-output>
        </test-method> <!-- CloseBrowser -->
      </class> <!-- Test.vtiger.TC_10 -->
    </test> <!-- Tests runner -Firefox -->
  </suite> <!-- Suite -->
</testng-results>
